Arguments: 
  C:\Program Files\nodejs\node.exe C:\Program Files\nodejs\node_modules\yarn\bin\yarn.js init

PATH: 
  C:\Program Files\Git\mingw64\bin;C:\Program Files\Git\usr\bin;C:\Users\app\bin;C:\Program Files (x86)\VMware\VMware Workstation\bin;C:\Program Files (x86)\Common Files\Oracle\Java\javapath;C:\ProgramData\Boxstarter;C:\windows\system32;C:\windows;C:\windows\System32\Wbem;C:\windows\System32\WindowsPowerShell\v1.0;C:\windows\System32\OpenSSH;C:\Program Files (x86)\NVIDIA Corporation\PhysX\Common;C:\ProgramData\chocolatey\bin;C:\Users\app\AppData\Roaming\nvm;C:\Program Files\nodejs;D:\system-host\bin;C:\Users\app\AppData\Local\Yarn\bin;C:\Program Files\Git\cmd;C:\Program Files\Microsoft VS Code\bin;C:\Program Files\Java\jdk1.8.0_271;C:\Users\app\AppData\Local\Android\Sdk\platform-tools;C:\Users\app\AppData\Local\Android\Sdk\emulator;C:\Users\app\AppData\Local\Android\Sdk\tools;C:\Users\app\AppData\Local\Android\Sdk\tools\bin;C:\Users\app;C:\Users\app\AppData\Local\Microsoft\WindowsApps;D:\SoftWare\Microsoft VS Code\bin;D:\SoftWare\WebStorm 2020.1.1\bin;C:\Program Files\Bandizip;C:\Users\app\AppData\Roaming\nvm;C:\Users\app\AppData\Roaming\nvm;C:\Program Files\nodejs

Yarn version: 
  1.22.10

Node version: 
  14.13.1

Platform: 
  win32 x64

Trace: 
  Error: canceled
      at Interface.<anonymous> (C:\Users\app\AppData\Roaming\nvm\v14.13.1\node_modules\yarn\lib\cli.js:136216:13)
      at Interface.emit (events.js:314:20)
      at Interface._ttyWrite (readline.js:875:16)
      at ReadStream.onkeypress (readline.js:213:10)
      at ReadStream.emit (events.js:314:20)
      at emitKeys (internal/readline/utils.js:344:14)
      at emitKeys.next (<anonymous>)
      at ReadStream.onData (readline.js:1144:36)
      at ReadStream.emit (events.js:314:20)
      at addChunk (_stream_readable.js:307:12)

npm manifest: 
  No manifest

yarn manifest: 
  No manifest

Lockfile: 
  No lockfile
